2019年08月11日 22:23:45  信息 : -------------网关启动完毕-------------------
2019年08月11日 22:24:10  信息 : 已装载共享库/Users/cj/studio/cj.netos.openport/cmdtools/gateway-2.3.6/lib/share
2019年08月11日 22:24:10  信息 : openports插件发现配置：
2019年08月11日 22:24:10  信息 : 		openportInterface=cj.studio.openport.client.IRequestAdapter remoteOpenportsUrl=ports://usercenter.com/uc/authentication.service token=
2019年08月11日 22:24:10  信息 : 		openportInterface=cj.netos.microapp.ports.IGberaSearcherPorts remoteOpenportsUrl=rest://gbera.com/microapp/searcher.ports token=xx
2019年08月11日 22:24:10  信息: cj.studio.openport.client.DefaultOpenportsServicesMonitor - Openports 初始化完成
2019年08月11日 22:24:10  信息 : 系统开放api地址是：/portsapi
2019年08月11日 22:24:10  信息 : 发现安全服务：/uc.ports，类型：cj.netos.openport.program.portimpl.UCPorts
2019年08月11日 22:24:10  信息 : 		服务命令：test
2019年08月11日 22:24:10  信息 : 				参数：list java.util.LinkedList parameter
2019年08月11日 22:24:10  信息 : 				参数：set java.util.List parameter
2019年08月11日 22:24:10  信息 : 				参数：map java.util.TreeMap parameter
2019年08月11日 22:24:10  信息 : 		服务命令：test2
2019年08月11日 22:24:10  信息 : 				参数：arg cj.netos.openport.program.args.TestArg content
2019年08月11日 22:24:10  信息 : 				参数：v java.math.BigDecimal parameter
2019年08月11日 22:24:10  信息 : 		服务命令：authenticate
2019年08月11日 22:24:10  信息 : 				参数：authName java.lang.String parameter
2019年08月11日 22:24:10  信息 : 				参数：tenant java.lang.String parameter
2019年08月11日 22:24:10  信息 : 				参数：principals java.lang.String header
2019年08月11日 22:24:10  信息 : 				参数：password java.lang.String content
2019年08月11日 22:24:10  信息 : 				参数：ttlMillis long parameter
2019年08月11日 22:24:10  信息 : 发现安全服务：/uaac.ports，类型：cj.netos.openport.program.portimpl.UAACPort
2019年08月11日 22:24:10  信息 : 		服务命令：getAcl
2019年08月11日 22:24:10  信息 : 				参数：list java.util.LinkedList parameter
2019年08月11日 22:24:10  信息 : 				参数：set java.util.List parameter
2019年08月11日 22:24:10  信息 : 				参数：map java.util.TreeMap parameter
2019年08月11日 22:24:10  信息 : 发现安全服务：/gberaSearcher.ports，类型：cj.netos.openport.program.portimpl.GberaSearcherFrontendPorts
2019年08月11日 22:24:10  信息 : 		服务命令：checkMicroAppVersions
2019年08月11日 22:24:10  信息 : 				参数：versions java.util.List content
2019年08月11日 22:24:10  信息 : 		服务命令：getMicroAppInfo
2019年08月11日 22:24:10  信息 : 				参数：microapp java.lang.String parameter
2019年08月11日 22:24:10  信息 : 		服务命令：listMicroAppVersion
2019年08月11日 22:24:10  信息 : 				参数：appnameWithoutVersion java.lang.String parameter
2019年08月11日 22:24:10  信息 : 		服务命令：getMicroPortalInfo
2019年08月11日 22:24:10  信息 : 				参数：microportal java.lang.String parameter
2019年08月11日 23:58:06  信息 : -------------网关启动完毕-------------------
2019年08月11日 23:58:18  错误: cj.studio.gateway.tools.RouterConsole - 不认识的命令：t
2019年08月12日 13:00:06  信息 : -------------网关启动完毕-------------------
2019年08月12日 13:01:07  信息 : -------------网关启动完毕-------------------
2019年08月12日 13:01:46  信息 : 已装载共享库/Users/cj/studio/cj.netos.openport/cmdtools/gateway-2.3.6/lib/share
2019年08月12日 13:01:46  信息 : openports插件发现配置：
2019年08月12日 13:01:46  信息 : 		openportInterface=cj.studio.openport.client.IRequestAdapter remoteOpenportsUrl=ports://usercenter.com/uc/authentication.service token=
2019年08月12日 13:01:46  信息 : 		openportInterface=cj.netos.microapp.ports.IGberaSearcherPorts remoteOpenportsUrl=rest://gbera.com/microapp/searcher.ports token=xx
2019年08月12日 13:01:47  信息: cj.studio.openport.client.DefaultOpenportsServicesMonitor - Openports 初始化完成
2019年08月12日 13:01:47  信息 : 系统开放api地址是：/portsapi
2019年08月12日 13:01:47  信息 : 发现安全服务：/uc.ports，类型：cj.netos.openport.program.portimpl.UCPorts
2019年08月12日 13:01:47  信息 : 		服务命令：test
2019年08月12日 13:01:47  信息 : 				参数：list java.util.LinkedList parameter
2019年08月12日 13:01:47  信息 : 				参数：set java.util.List parameter
2019年08月12日 13:01:47  信息 : 				参数：map java.util.TreeMap parameter
2019年08月12日 13:01:47  信息 : 		服务命令：test2
2019年08月12日 13:01:47  信息 : 				参数：arg cj.netos.openport.program.args.TestArg content
2019年08月12日 13:01:47  信息 : 				参数：v java.math.BigDecimal parameter
2019年08月12日 13:01:47  信息 : 		服务命令：authenticate
2019年08月12日 13:01:47  信息 : 				参数：authName java.lang.String parameter
2019年08月12日 13:01:47  信息 : 				参数：tenant java.lang.String parameter
2019年08月12日 13:01:47  信息 : 				参数：principals java.lang.String header
2019年08月12日 13:01:47  信息 : 				参数：password java.lang.String content
2019年08月12日 13:01:47  信息 : 				参数：ttlMillis long parameter
2019年08月12日 13:01:47  信息 : 发现安全服务：/uaac.ports，类型：cj.netos.openport.program.portimpl.UAACPort
2019年08月12日 13:01:47  信息 : 		服务命令：getAcl
2019年08月12日 13:01:47  信息 : 				参数：list java.util.LinkedList parameter
2019年08月12日 13:01:47  信息 : 				参数：set java.util.List parameter
2019年08月12日 13:01:47  信息 : 				参数：map java.util.TreeMap parameter
2019年08月12日 13:01:47  信息 : 发现安全服务：/gberaSearcher.ports，类型：cj.netos.openport.program.portimpl.GberaSearcherFrontendPorts
2019年08月12日 13:01:47  信息 : 		服务命令：checkMicroAppVersions
2019年08月12日 13:01:47  信息 : 				参数：versions java.util.List content
2019年08月12日 13:01:47  信息 : 		服务命令：getMicroAppInfo
2019年08月12日 13:01:47  信息 : 				参数：microapp java.lang.String parameter
2019年08月12日 13:01:47  信息 : 		服务命令：listMicroAppVersion
2019年08月12日 13:01:47  信息 : 				参数：appnameWithoutVersion java.lang.String parameter
2019年08月12日 13:01:47  信息 : 		服务命令：getMicroPortalInfo
2019年08月12日 13:01:47  信息 : 				参数：microportal java.lang.String parameter
2019年08月12日 13:40:00  信息 : -------------网关启动完毕-------------------
2019年08月12日 13:40:34  信息 : 已装载共享库/Users/cj/studio/cj.netos.openport/cmdtools/gateway-2.3.6/lib/share
2019年08月12日 13:40:34  信息 : openports插件发现配置：
2019年08月12日 13:40:34  信息 : 		openportInterface=cj.studio.openport.client.IRequestAdapter remoteOpenportsUrl=ports://usercenter.com/uc/authentication.service token=
2019年08月12日 13:40:34  信息 : 		openportInterface=cj.netos.microapp.ports.IGberaSearcherPorts remoteOpenportsUrl=rest://gbera.com/microapp/searcher.ports token=xx
2019年08月12日 13:40:34  信息: cj.studio.openport.client.DefaultOpenportsServicesMonitor - Openports 初始化完成
2019年08月12日 13:40:34  信息 : 系统开放api地址是：/portsapi
2019年08月12日 13:40:34  信息 : 发现安全服务：/uc.ports，类型：cj.netos.openport.program.portimpl.UCPorts
2019年08月12日 13:40:34  信息 : 		服务命令：test
2019年08月12日 13:40:34  信息 : 				参数：list java.util.LinkedList parameter
2019年08月12日 13:40:34  信息 : 				参数：set java.util.List parameter
2019年08月12日 13:40:34  信息 : 				参数：map java.util.TreeMap parameter
2019年08月12日 13:40:34  信息 : 		服务命令：test2
2019年08月12日 13:40:34  信息 : 				参数：arg cj.netos.openport.program.args.TestArg content
2019年08月12日 13:40:34  信息 : 				参数：v java.math.BigDecimal parameter
2019年08月12日 13:40:34  信息 : 		服务命令：authenticate
2019年08月12日 13:40:34  信息 : 				参数：authName java.lang.String parameter
2019年08月12日 13:40:34  信息 : 				参数：tenant java.lang.String parameter
2019年08月12日 13:40:34  信息 : 				参数：principals java.lang.String header
2019年08月12日 13:40:34  信息 : 				参数：password java.lang.String content
2019年08月12日 13:40:34  信息 : 				参数：ttlMillis long parameter
2019年08月12日 13:40:34  信息 : 发现安全服务：/uaac.ports，类型：cj.netos.openport.program.portimpl.UAACPort
2019年08月12日 13:40:34  信息 : 		服务命令：getAcl
2019年08月12日 13:40:34  信息 : 				参数：list java.util.LinkedList parameter
2019年08月12日 13:40:34  信息 : 				参数：set java.util.List parameter
2019年08月12日 13:40:34  信息 : 				参数：map java.util.TreeMap parameter
2019年08月12日 13:40:34  信息 : 发现安全服务：/gberaSearcher.ports，类型：cj.netos.openport.program.portimpl.GberaSearcherFrontendPorts
2019年08月12日 13:40:34  信息 : 		服务命令：checkMicroAppVersions
2019年08月12日 13:40:34  信息 : 				参数：versions java.util.List content
2019年08月12日 13:40:34  信息 : 		服务命令：getMicroAppInfo
2019年08月12日 13:40:34  信息 : 				参数：microapp java.lang.String parameter
2019年08月12日 13:40:34  信息 : 		服务命令：listMicroAppVersion
2019年08月12日 13:40:34  信息 : 				参数：appnameWithoutVersion java.lang.String parameter
2019年08月12日 13:40:34  信息 : 		服务命令：getMicroPortalInfo
2019年08月12日 13:40:34  信息 : 				参数：microportal java.lang.String parameter
2019年08月12日 13:44:07  信息 : -------------网关启动完毕-------------------
2019年08月12日 13:44:17  信息 : 已装载共享库/Users/cj/studio/cj.netos.openport/cmdtools/gateway-2.3.6/lib/share
2019年08月12日 13:44:17  信息 : openports插件发现配置：
2019年08月12日 13:44:17  信息 : 		openportInterface=cj.studio.openport.client.IRequestAdapter remoteOpenportsUrl=ports://usercenter.com/uc/authentication.service token=
2019年08月12日 13:44:17  信息 : 		openportInterface=cj.netos.microapp.ports.IGberaSearcherPorts remoteOpenportsUrl=rest://gbera.com/microapp/searcher.ports token=xx
2019年08月12日 13:44:18  信息: cj.studio.openport.client.DefaultOpenportsServicesMonitor - Openports 初始化完成
2019年08月12日 13:44:18  信息 : 系统开放api地址是：/portsapi
2019年08月12日 13:44:18  信息 : 发现安全服务：/uc.ports，类型：cj.netos.openport.program.portimpl.UCPorts
2019年08月12日 13:44:18  信息 : 		服务命令：test
2019年08月12日 13:44:18  信息 : 				参数：list java.util.LinkedList parameter
2019年08月12日 13:44:18  信息 : 				参数：set java.util.List parameter
2019年08月12日 13:44:18  信息 : 				参数：map java.util.TreeMap parameter
2019年08月12日 13:44:18  信息 : 		服务命令：test2
2019年08月12日 13:44:18  信息 : 				参数：arg cj.netos.openport.program.args.TestArg content
2019年08月12日 13:44:18  信息 : 				参数：v java.math.BigDecimal parameter
2019年08月12日 13:44:18  信息 : 		服务命令：authenticate
2019年08月12日 13:44:18  信息 : 				参数：authName java.lang.String parameter
2019年08月12日 13:44:18  信息 : 				参数：tenant java.lang.String parameter
2019年08月12日 13:44:18  信息 : 				参数：principals java.lang.String header
2019年08月12日 13:44:18  信息 : 				参数：password java.lang.String content
2019年08月12日 13:44:18  信息 : 				参数：ttlMillis long parameter
2019年08月12日 13:44:18  信息 : 发现安全服务：/uaac.ports，类型：cj.netos.openport.program.portimpl.UAACPort
2019年08月12日 13:44:18  信息 : 		服务命令：getAcl
2019年08月12日 13:44:18  信息 : 				参数：list java.util.LinkedList parameter
2019年08月12日 13:44:18  信息 : 				参数：set java.util.List parameter
2019年08月12日 13:44:18  信息 : 				参数：map java.util.TreeMap parameter
2019年08月12日 13:44:18  信息 : 发现安全服务：/gberaSearcher.ports，类型：cj.netos.openport.program.portimpl.GberaSearcherFrontendPorts
2019年08月12日 13:44:18  信息 : 		服务命令：getMicroAppInfo
2019年08月12日 13:44:18  信息 : 				参数：microapp java.lang.String parameter
2019年08月12日 13:44:18  信息 : 		服务命令：checkMicroAppVersions
2019年08月12日 13:44:18  信息 : 				参数：versions java.util.List content
2019年08月12日 13:44:18  信息 : 		服务命令：listMicroAppVersion
2019年08月12日 13:44:18  信息 : 				参数：appnameWithoutVersion java.lang.String parameter
2019年08月12日 13:44:18  信息 : 		服务命令：getMicroPortalInfo
2019年08月12日 13:44:18  信息 : 				参数：microportal java.lang.String parameter
2019年08月12日 14:29:30  信息 : -------------网关启动完毕-------------------
2019年08月12日 14:32:37  信息 : -------------网关启动完毕-------------------
2019年08月12日 14:35:32  信息 : -------------网关启动完毕-------------------
2019年08月12日 16:05:28  信息 : 已装载共享库/Users/cj/studio/cj.netos.openport/cmdtools/gateway-2.3.6/lib/share
2019年08月12日 16:05:28  信息 : openports插件发现配置：
2019年08月12日 16:05:28  信息 : 		openportInterface=cj.studio.openport.client.IRequestAdapter remoteOpenportsUrl=ports://usercenter.com/uc/authentication.service token=
2019年08月12日 16:05:28  信息 : 		openportInterface=cj.netos.microapp.ports.IGberaSearcherPorts remoteOpenportsUrl=rest://gbera.com/microapp/searcher.ports token=xx
2019年08月12日 16:05:28  信息: cj.studio.openport.client.DefaultOpenportsServicesMonitor - Openports 初始化完成
2019年08月12日 16:05:28  信息 : 系统开放api地址是：/portsapi
2019年08月12日 16:05:28  信息 : 发现安全服务：/uc.ports，类型：cj.netos.openport.program.portimpl.UCPorts
2019年08月12日 16:05:28  信息 : 		服务命令：test
2019年08月12日 16:05:28  信息 : 				参数：list java.util.LinkedList parameter
2019年08月12日 16:05:28  信息 : 				参数：set java.util.List parameter
2019年08月12日 16:05:28  信息 : 				参数：map java.util.TreeMap parameter
2019年08月12日 16:05:28  信息 : 		服务命令：authenticate
2019年08月12日 16:05:28  信息 : 				参数：authName java.lang.String parameter
2019年08月12日 16:05:28  信息 : 				参数：tenant java.lang.String parameter
2019年08月12日 16:05:28  信息 : 				参数：principals java.lang.String header
2019年08月12日 16:05:28  信息 : 				参数：password java.lang.String content
2019年08月12日 16:05:28  信息 : 				参数：ttlMillis long parameter
2019年08月12日 16:05:28  信息 : 		服务命令：test2
2019年08月12日 16:05:28  信息 : 				参数：arg cj.netos.openport.program.args.TestArg content
2019年08月12日 16:05:28  信息 : 				参数：v java.math.BigDecimal parameter
2019年08月12日 16:05:28  信息 : 发现安全服务：/uaac.ports，类型：cj.netos.openport.program.portimpl.UAACPort
2019年08月12日 16:05:28  信息 : 		服务命令：getAcl
2019年08月12日 16:05:28  信息 : 				参数：list java.util.LinkedList parameter
2019年08月12日 16:05:28  信息 : 				参数：set java.util.List parameter
2019年08月12日 16:05:28  信息 : 				参数：map java.util.TreeMap parameter
2019年08月12日 16:05:28  信息 : 发现安全服务：/gberaSearcher.ports，类型：cj.netos.openport.program.portimpl.GberaSearcherFrontendPorts
2019年08月12日 16:05:28  信息 : 		服务命令：checkMicroAppVersions
2019年08月12日 16:05:28  信息 : 				参数：versions java.util.List content
2019年08月12日 16:05:28  信息 : 		服务命令：getMicroAppInfo
2019年08月12日 16:05:28  信息 : 				参数：microapp java.lang.String parameter
2019年08月12日 16:05:28  信息 : 		服务命令：listMicroAppVersion
2019年08月12日 16:05:28  信息 : 				参数：appnameWithoutVersion java.lang.String parameter
2019年08月12日 16:05:28  信息 : 		服务命令：getMicroPortalInfo
2019年08月12日 16:05:28  信息 : 				参数：microportal java.lang.String parameter
2019年08月13日 10:12:48  信息 : -------------网关启动完毕-------------------
2019年08月13日 10:13:58  信息 : 已装载共享库/Users/cj/studio/cj.netos.openport/cmdtools/gateway-2.3.6/lib/share
2019年08月13日 10:13:58  信息 : openports插件发现配置：
2019年08月13日 10:13:58  信息 : 		openportInterface=cj.studio.openport.client.IRequestAdapter remoteOpenportsUrl=ports://usercenter.com/uc/authentication.service token=
2019年08月13日 10:13:58  信息 : 		openportInterface=cj.netos.microapp.ports.IGberaSearcherPorts remoteOpenportsUrl=rest://gbera.com/microapp/searcher.ports token=xx
2019年08月13日 10:13:58  信息: cj.studio.openport.client.DefaultOpenportsServicesMonitor - Openports 初始化完成
2019年08月13日 10:13:58  信息 : 系统开放api地址是：/portsapi
2019年08月13日 10:13:58  信息 : 发现安全服务：/uc.ports，类型：cj.netos.openport.program.portimpl.UCPorts
2019年08月13日 10:13:58  信息 : 		服务命令：test
2019年08月13日 10:13:58  信息 : 				参数：list java.util.LinkedList parameter
2019年08月13日 10:13:58  信息 : 				参数：set java.util.List parameter
2019年08月13日 10:13:58  信息 : 				参数：map java.util.TreeMap parameter
2019年08月13日 10:13:58  信息 : 		服务命令：test2
2019年08月13日 10:13:58  信息 : 				参数：arg cj.netos.openport.program.args.TestArg content
2019年08月13日 10:13:58  信息 : 				参数：v java.math.BigDecimal parameter
2019年08月13日 10:13:58  信息 : 		服务命令：authenticate
2019年08月13日 10:13:58  信息 : 				参数：authName java.lang.String parameter
2019年08月13日 10:13:58  信息 : 				参数：tenant java.lang.String parameter
2019年08月13日 10:13:58  信息 : 				参数：principals java.lang.String header
2019年08月13日 10:13:58  信息 : 				参数：password java.lang.String content
2019年08月13日 10:13:58  信息 : 				参数：ttlMillis long parameter
2019年08月13日 10:13:58  信息 : 发现安全服务：/uaac.ports，类型：cj.netos.openport.program.portimpl.UAACPort
2019年08月13日 10:13:58  信息 : 		服务命令：getAcl
2019年08月13日 10:13:58  信息 : 				参数：list java.util.LinkedList parameter
2019年08月13日 10:13:58  信息 : 				参数：set java.util.List parameter
2019年08月13日 10:13:58  信息 : 				参数：map java.util.TreeMap parameter
2019年08月13日 10:13:58  信息 : 发现安全服务：/gberaSearcher.ports，类型：cj.netos.openport.program.portimpl.GberaSearcherFrontendPorts
2019年08月13日 10:13:58  信息 : 		服务命令：checkMicroAppVersions
2019年08月13日 10:13:58  信息 : 				参数：versions java.util.List content
2019年08月13日 10:13:58  信息 : 		服务命令：getMicroAppInfo
2019年08月13日 10:13:58  信息 : 				参数：microapp java.lang.String parameter
2019年08月13日 10:13:58  信息 : 		服务命令：listMicroAppVersion
2019年08月13日 10:13:58  信息 : 				参数：appnameWithoutVersion java.lang.String parameter
2019年08月13日 10:13:58  信息 : 		服务命令：getMicroPortalInfo
2019年08月13日 10:13:58  信息 : 				参数：microportal java.lang.String parameter
2019年08月14日 02:20:27  信息 : -------------网关启动完毕-------------------
2019年08月14日 02:23:07  信息 : -------------网关启动完毕-------------------
2019年08月14日 02:25:32  信息 : 已装载共享库/Users/cj/studio/cj.netos.openport/cmdtools/gateway-2.3.6/lib/share
2019年08月14日 02:25:32  信息 : openports插件发现配置：
2019年08月14日 02:25:32  信息 : 		openportInterface=cj.studio.openport.client.IRequestAdapter remoteOpenportsUrl=ports://usercenter.com/uc/authentication.service token=
2019年08月14日 02:25:32  信息 : 		openportInterface=cj.netos.microapp.ports.IGberaSearcherPorts remoteOpenportsUrl=rest://gbera.com/microapp/searcher.ports token=xx
2019年08月14日 02:25:32  信息: cj.studio.openport.client.DefaultOpenportsServicesMonitor - Openports 初始化完成
2019年08月14日 02:25:32  信息 : 系统开放api地址是：/portsapi
2019年08月14日 02:25:32  信息 : 发现安全服务：/uc.ports，类型：cj.netos.openport.program.portimpl.UCPorts
2019年08月14日 02:25:32  信息 : 		服务命令：test
2019年08月14日 02:25:32  信息 : 				参数：list java.util.LinkedList parameter
2019年08月14日 02:25:32  信息 : 				参数：set java.util.List parameter
2019年08月14日 02:25:32  信息 : 				参数：map java.util.TreeMap parameter
2019年08月14日 02:25:32  信息 : 		服务命令：test2
2019年08月14日 02:25:32  信息 : 				参数：arg cj.netos.openport.program.args.TestArg content
2019年08月14日 02:25:32  信息 : 				参数：v java.math.BigDecimal parameter
2019年08月14日 02:25:32  信息 : 		服务命令：authenticate
2019年08月14日 02:25:32  信息 : 				参数：authName java.lang.String parameter
2019年08月14日 02:25:32  信息 : 				参数：tenant java.lang.String parameter
2019年08月14日 02:25:32  信息 : 				参数：principals java.lang.String header
2019年08月14日 02:25:32  信息 : 				参数：password java.lang.String content
2019年08月14日 02:25:32  信息 : 				参数：ttlMillis long parameter
2019年08月14日 02:25:32  信息 : 发现安全服务：/uaac.ports，类型：cj.netos.openport.program.portimpl.UAACPort
2019年08月14日 02:25:32  信息 : 		服务命令：getAcl
2019年08月14日 02:25:32  信息 : 				参数：list java.util.LinkedList parameter
2019年08月14日 02:25:32  信息 : 				参数：set java.util.List parameter
2019年08月14日 02:25:32  信息 : 				参数：map java.util.TreeMap parameter
2019年08月14日 02:25:32  信息 : 发现安全服务：/gberaSearcher.ports，类型：cj.netos.openport.program.portimpl.GberaSearcherFrontendPorts
2019年08月14日 02:25:32  信息 : 		服务命令：checkMicroAppVersions
2019年08月14日 02:25:32  信息 : 				参数：versions java.util.List content
2019年08月14日 02:25:32  信息 : 		服务命令：getMicroAppInfo
2019年08月14日 02:25:32  信息 : 				参数：microapp java.lang.String parameter
2019年08月14日 02:25:32  信息 : 		服务命令：listMicroAppVersion
2019年08月14日 02:25:32  信息 : 				参数：appnameWithoutVersion java.lang.String parameter
2019年08月14日 02:25:32  信息 : 		服务命令：getMicroPortalInfo
2019年08月14日 02:25:32  信息 : 				参数：microportal java.lang.String parameter
2019年08月14日 03:35:29  错误: cj.studio.gateway.server.handler.HttpChannelHandler - 404 簇中缺少目标:microapp
2019年09月16日 17:12:10  信息 : -------------网关启动完毕-------------------
2019年09月16日 17:12:35  错误: cj.studio.gateway.server.handler.HttpChannelHandler - 404 簇中缺少目标:portsapi
2019年09月16日 17:14:20  错误: cj.studio.gateway.tools.sc.ServersConsole - 不认识的命令：bue
2019年09月16日 17:14:58  信息 : 已装载共享库/Users/cj/studio/cj.netos.openport/cmdtools/gateway-2.3.6/lib/share
2019年09月16日 17:14:58  信息 : openports插件发现配置：
2019年09月16日 17:14:58  信息 : 		openportInterface=cj.studio.openport.client.IRequestAdapter remoteOpenportsUrl=ports://usercenter.com/uc/authentication.service token=
2019年09月16日 17:14:58  信息 : 		openportInterface=cj.netos.microapp.ports.IGberaSearcherPorts remoteOpenportsUrl=rest://gbera.com/microapp/searcher.ports token=xx
2019年09月16日 17:14:58  信息: cj.studio.openport.client.DefaultOpenportsServicesMonitor - Openports 初始化完成
2019年09月16日 17:14:58  信息 : 系统开放api地址是：/portsapi
2019年09月16日 17:14:58  信息 : 发现安全服务：/uc.ports，类型：cj.netos.openport.program.portimpl.UCPorts
2019年09月16日 17:14:58  信息 : 		服务命令：test
2019年09月16日 17:14:58  信息 : 				参数：list java.util.LinkedList parameter
2019年09月16日 17:14:58  信息 : 				参数：set java.util.List parameter
2019年09月16日 17:14:58  信息 : 				参数：map java.util.TreeMap parameter
2019年09月16日 17:14:58  信息 : 		服务命令：test2
2019年09月16日 17:14:58  信息 : 				参数：arg cj.netos.openport.program.args.TestArg content
2019年09月16日 17:14:58  信息 : 				参数：v java.math.BigDecimal parameter
2019年09月16日 17:14:58  信息 : 		服务命令：authenticate
2019年09月16日 17:14:58  信息 : 				参数：authName java.lang.String parameter
2019年09月16日 17:14:58  信息 : 				参数：tenant java.lang.String parameter
2019年09月16日 17:14:58  信息 : 				参数：principals java.lang.String header
2019年09月16日 17:14:58  信息 : 				参数：password java.lang.String content
2019年09月16日 17:14:58  信息 : 				参数：ttlMillis long parameter
2019年09月16日 17:14:58  信息 : 发现安全服务：/uaac.ports，类型：cj.netos.openport.program.portimpl.UAACPort
2019年09月16日 17:14:58  信息 : 		服务命令：getAcl
2019年09月16日 17:14:58  信息 : 				参数：list java.util.LinkedList parameter
2019年09月16日 17:14:58  信息 : 				参数：set java.util.List parameter
2019年09月16日 17:14:58  信息 : 				参数：map java.util.TreeMap parameter
2019年09月16日 17:14:58  信息 : 发现安全服务：/gberaSearcher.ports，类型：cj.netos.openport.program.portimpl.GberaSearcherFrontendPorts
2019年09月16日 17:14:58  信息 : 		服务命令：getMicroAppInfo
2019年09月16日 17:14:58  信息 : 				参数：microapp java.lang.String parameter
2019年09月16日 17:14:58  信息 : 		服务命令：checkMicroAppVersions
2019年09月16日 17:14:58  信息 : 				参数：versions java.util.List content
2019年09月16日 17:14:58  信息 : 		服务命令：listMicroAppVersion
2019年09月16日 17:14:58  信息 : 				参数：appnameWithoutVersion java.lang.String parameter
2019年09月16日 17:14:58  信息 : 		服务命令：getMicroPortalInfo
2019年09月16日 17:14:58  信息 : 				参数：microportal java.lang.String parameter
2019年09月16日 17:18:03  信息 : -------------网关启动完毕-------------------
2019年09月16日 17:18:13  信息 : 已装载共享库/Users/cj/studio/cj.netos.openport/cmdtools/gateway-2.3.6/lib/share
2019年09月16日 17:18:13  信息 : openports插件发现配置：
2019年09月16日 17:18:13  信息 : 		openportInterface=cj.studio.openport.client.IRequestAdapter remoteOpenportsUrl=ports://usercenter.com/uc/authentication.service token=
2019年09月16日 17:18:13  信息 : 		openportInterface=cj.netos.microapp.ports.IGberaSearcherPorts remoteOpenportsUrl=rest://gbera.com/microapp/searcher.ports token=xx
2019年09月16日 17:18:13  信息: cj.studio.openport.client.DefaultOpenportsServicesMonitor - Openports 初始化完成
2019年09月16日 17:18:13  信息 : 系统开放api地址是：/portsapi
2019年09月16日 17:18:13  信息 : 发现安全服务：/uc.ports，类型：cj.netos.openport.program.portimpl.UCPorts
2019年09月16日 17:18:13  信息 : 		服务命令：test
2019年09月16日 17:18:13  信息 : 				参数：list java.util.LinkedList parameter
2019年09月16日 17:18:13  信息 : 				参数：set java.util.List parameter
2019年09月16日 17:18:13  信息 : 				参数：map java.util.TreeMap parameter
2019年09月16日 17:18:13  信息 : 		服务命令：test2
2019年09月16日 17:18:13  信息 : 				参数：arg cj.netos.openport.program.args.TestArg content
2019年09月16日 17:18:13  信息 : 				参数：v java.math.BigDecimal parameter
2019年09月16日 17:18:13  信息 : 		服务命令：authenticate
2019年09月16日 17:18:13  信息 : 				参数：authName java.lang.String parameter
2019年09月16日 17:18:13  信息 : 				参数：tenant java.lang.String parameter
2019年09月16日 17:18:13  信息 : 				参数：principals java.lang.String header
2019年09月16日 17:18:13  信息 : 				参数：password java.lang.String content
2019年09月16日 17:18:13  信息 : 				参数：ttlMillis long parameter
2019年09月16日 17:18:13  信息 : 发现安全服务：/uaac.ports，类型：cj.netos.openport.program.portimpl.UAACPort
2019年09月16日 17:18:13  信息 : 		服务命令：getAcl
2019年09月16日 17:18:13  信息 : 				参数：list java.util.LinkedList parameter
2019年09月16日 17:18:13  信息 : 				参数：set java.util.List parameter
2019年09月16日 17:18:13  信息 : 				参数：map java.util.TreeMap parameter
2019年09月16日 17:18:13  信息 : 发现安全服务：/gberaSearcher.ports，类型：cj.netos.openport.program.portimpl.GberaSearcherFrontendPorts
2019年09月16日 17:18:13  信息 : 		服务命令：checkMicroAppVersions
2019年09月16日 17:18:13  信息 : 				参数：versions java.util.List content
2019年09月16日 17:18:13  信息 : 		服务命令：getMicroAppInfo
2019年09月16日 17:18:13  信息 : 				参数：microapp java.lang.String parameter
2019年09月16日 17:18:13  信息 : 		服务命令：listMicroAppVersion
2019年09月16日 17:18:13  信息 : 				参数：appnameWithoutVersion java.lang.String parameter
2019年09月16日 17:18:13  信息 : 		服务命令：getMicroPortalInfo
2019年09月16日 17:18:13  信息 : 				参数：microportal java.lang.String parameter
2019年09月23日 15:51:10  信息 : -------------网关启动完毕-------------------
2019年10月07日 01:26:01  信息 : -------------网关启动完毕-------------------
2019年10月07日 01:26:01  信息: cj.studio.gateway.tools.GatewayEntrypoint - 网关成功启动
2019年10月07日 01:26:08  信息 : 已装载共享库/Users/caroceanjofers/studio/github/cj.netos.openport/cmdtools/gateway/lib/share
2019年10月07日 01:26:08  信息 : openports插件发现配置：
2019年10月07日 01:26:08  信息 : 		openportInterface=cj.studio.openport.client.IRequestAdapter remoteOpenportsUrl=ports://usercenter.com/uc/authentication.service token=
2019年10月07日 01:26:08  错误: cj.studio.gateway.server.handler.HttpChannelHandler -  异常：java.lang.RuntimeException: cj.studio.ecm.EcmException: java.lang.ClassNotFoundException: cj/netos/microapp/ports/IGberaSearcherPorts
		at cj.studio.ecm.Assembly$EntryPoint.load(Assembly.java:586)
		at cj.studio.ecm.Assembly.start(Assembly.java:400)
		at cj.studio.gateway.socket.app.AppGatewaySocket.scanAssemblyAndLoad(AppGatewaySocket.java:157)
		at cj.studio.gateway.socket.app.AppGatewaySocket.connect(AppGatewaySocket.java:120)
		at cj.studio.gateway.DestinationLoader.load(DestinationLoader.java:40)
		at cj.studio.gateway.GatewaySocketContainer.getAndCreate(GatewaySocketContainer.java:36)
		at cj.studio.gateway.server.handler.HttpChannelHandler.pipelineHttpBuild(HttpChannelHandler.java:496)
		at cj.studio.gateway.server.handler.HttpChannelHandler.flowHttpRequest(HttpChannelHandler.java:468)
		at cj.studio.gateway.server.handler.HttpChannelHandler.handleHttpRequest(HttpChannelHandler.java:209)
		at cj.studio.gateway.server.handler.HttpChannelHandler.messageReceived(HttpChannelHandler.java:105)
		at io.netty.channel.SimpleChannelInboundHandler.channelRead(SimpleChannelInboundHandler.java:105)
		at io.netty.channel.ChannelHandlerInvokerUtil.invokeChannelReadNow(ChannelHandlerInvokerUtil.java:84)
		at io.netty.channel.DefaultChannelHandlerInvoker.invokeChannelRead(DefaultChannelHandlerInvoker.java:153)
		at io.netty.channel.PausableChannelEventExecutor.invokeChannelRead(PausableChannelEventExecutor.java:86)
		at io.netty.channel.AbstractChannelHandlerContext.fireChannelRead(AbstractChannelHandlerContext.java:389)
		at io.netty.channel.ChannelHandlerAdapter.channelRead(ChannelHandlerAdapter.java:143)
		at io.netty.channel.ChannelHandlerInvokerUtil.invokeChannelReadNow(ChannelHandlerInvokerUtil.java:84)
		at io.netty.channel.DefaultChannelHandlerInvoker.invokeChannelRead(DefaultChannelHandlerInvoker.java:153)
		at io.netty.channel.PausableChannelEventExecutor.invokeChannelRead(PausableChannelEventExecutor.java:86)
		at io.netty.channel.AbstractChannelHandlerContext.fireChannelRead(AbstractChannelHandlerContext.java:389)
		at io.netty.handler.codec.MessageToMessageDecoder.channelRead(MessageToMessageDecoder.java:103)
		at io.netty.handler.codec.MessageToMessageCodec.channelRead(MessageToMessageCodec.java:111)
		at io.netty.channel.ChannelHandlerInvokerUtil.invokeChannelReadNow(ChannelHandlerInvokerUtil.java:84)
		at io.netty.channel.DefaultChannelHandlerInvoker.invokeChannelRead(DefaultChannelHandlerInvoker.java:153)
		at io.netty.channel.PausableChannelEventExecutor.invokeChannelRead(PausableChannelEventExecutor.java:86)
		at io.netty.channel.AbstractChannelHandlerContext.fireChannelRead(AbstractChannelHandlerContext.java:389)
		at io.netty.handler.codec.ByteToMessageDecoder.channelRead(ByteToMessageDecoder.java:243)
		at io.netty.channel.ChannelHandlerInvokerUtil.invokeChannelReadNow(ChannelHandlerInvokerUtil.java:84)
		at io.netty.channel.DefaultChannelHandlerInvoker.invokeChannelRead(DefaultChannelHandlerInvoker.java:153)
		at io.netty.channel.PausableChannelEventExecutor.invokeChannelRead(PausableChannelEventExecutor.java:86)
		at io.netty.channel.AbstractChannelHandlerContext.fireChannelRead(AbstractChannelHandlerContext.java:389)
		at io.netty.channel.DefaultChannelPipeline.fireChannelRead(DefaultChannelPipeline.java:956)
		at io.netty.channel.nio.AbstractNioByteChannel$NioByteUnsafe.read(AbstractNioByteChannel.java:127)
		at io.netty.channel.nio.NioEventLoop.processSelectedKey(NioEventLoop.java:514)
		at io.netty.channel.nio.NioEventLoop.processSelectedKeysOptimized(NioEventLoop.java:471)
		at io.netty.channel.nio.NioEventLoop.processSelectedKeys(NioEventLoop.java:385)
		at io.netty.channel.nio.NioEventLoop.run(NioEventLoop.java:351)
		at io.netty.util.concurrent.SingleThreadEventExecutor$2.run(SingleThreadEventExecutor.java:116)
		at io.netty.util.internal.chmv8.ForkJoinTask$RunnableExecuteAction.exec(ForkJoinTask.java:1412)
		at io.netty.util.internal.chmv8.ForkJoinTask.doExec(ForkJoinTask.java:280)
		at io.netty.util.internal.chmv8.ForkJoinPool$WorkQueue.runTask(ForkJoinPool.java:877)
		at io.netty.util.internal.chmv8.ForkJoinPool.scan(ForkJoinPool.java:1706)
		at io.netty.util.internal.chmv8.ForkJoinPool.runWorker(ForkJoinPool.java:1661)
		at io.netty.util.internal.chmv8.ForkJoinWorkerThread.run(ForkJoinWorkerThread.java:126)
	Cause by:
		at cj.studio.openport.client.OpenportChipPlugin.load(OpenportChipPlugin.java:51)
		at cj.studio.ecm.Assembly$EntryPoint.load(Assembly.java:582)
		at cj.studio.ecm.Assembly.start(Assembly.java:400)
		at cj.studio.gateway.socket.app.AppGatewaySocket.scanAssemblyAndLoad(AppGatewaySocket.java:157)
		at cj.studio.gateway.socket.app.AppGatewaySocket.connect(AppGatewaySocket.java:120)
		at cj.studio.gateway.DestinationLoader.load(DestinationLoader.java:40)
		at cj.studio.gateway.GatewaySocketContainer.getAndCreate(GatewaySocketContainer.java:36)
		at cj.studio.gateway.server.handler.HttpChannelHandler.pipelineHttpBuild(HttpChannelHandler.java:496)
		at cj.studio.gateway.server.handler.HttpChannelHandler.flowHttpRequest(HttpChannelHandler.java:468)
		at cj.studio.gateway.server.handler.HttpChannelHandler.handleHttpRequest(HttpChannelHandler.java:209)
		at cj.studio.gateway.server.handler.HttpChannelHandler.messageReceived(HttpChannelHandler.java:105)
		at io.netty.channel.SimpleChannelInboundHandler.channelRead(SimpleChannelInboundHandler.java:105)
		at io.netty.channel.ChannelHandlerInvokerUtil.invokeChannelReadNow(ChannelHandlerInvokerUtil.java:84)
		at io.netty.channel.DefaultChannelHandlerInvoker.invokeChannelRead(DefaultChannelHandlerInvoker.java:153)
		at io.netty.channel.PausableChannelEventExecutor.invokeChannelRead(PausableChannelEventExecutor.java:86)
		at io.netty.channel.AbstractChannelHandlerContext.fireChannelRead(AbstractChannelHandlerContext.java:389)
		at io.netty.channel.ChannelHandlerAdapter.channelRead(ChannelHandlerAdapter.java:143)
		at io.netty.channel.ChannelHandlerInvokerUtil.invokeChannelReadNow(ChannelHandlerInvokerUtil.java:84)
		at io.netty.channel.DefaultChannelHandlerInvoker.invokeChannelRead(DefaultChannelHandlerInvoker.java:153)
		at io.netty.channel.PausableChannelEventExecutor.invokeChannelRead(PausableChannelEventExecutor.java:86)
		at io.netty.channel.AbstractChannelHandlerContext.fireChannelRead(AbstractChannelHandlerContext.java:389)
		at io.netty.handler.codec.MessageToMessageDecoder.channelRead(MessageToMessageDecoder.java:103)
		at io.netty.handler.codec.MessageToMessageCodec.channelRead(MessageToMessageCodec.java:111)
		at io.netty.channel.ChannelHandlerInvokerUtil.invokeChannelReadNow(ChannelHandlerInvokerUtil.java:84)
		at io.netty.channel.DefaultChannelHandlerInvoker.invokeChannelRead(DefaultChannelHandlerInvoker.java:153)
		at io.netty.channel.PausableChannelEventExecutor.invokeChannelRead(PausableChannelEventExecutor.java:86)
		at io.netty.channel.AbstractChannelHandlerContext.fireChannelRead(AbstractChannelHandlerContext.java:389)
		at io.netty.handler.codec.ByteToMessageDecoder.channelRead(ByteToMessageDecoder.java:243)
		at io.netty.channel.ChannelHandlerInvokerUtil.invokeChannelReadNow(ChannelHandlerInvokerUtil.java:84)
		at io.netty.channel.DefaultChannelHandlerInvoker.invokeChannelRead(DefaultChannelHandlerInvoker.java:153)
		at io.netty.channel.PausableChannelEventExecutor.invokeChannelRead(PausableChannelEventExecutor.java:86)
		at io.netty.channel.AbstractChannelHandlerContext.fireChannelRead(AbstractChannelHandlerContext.java:389)
		at io.netty.channel.DefaultChannelPipeline.fireChannelRead(DefaultChannelPipeline.java:956)
		at io.netty.channel.nio.AbstractNioByteChannel$NioByteUnsafe.read(AbstractNioByteChannel.java:127)
		at io.netty.channel.nio.NioEventLoop.processSelectedKey(NioEventLoop.java:514)
		at io.netty.channel.nio.NioEventLoop.processSelectedKeysOptimized(NioEventLoop.java:471)
		at io.netty.channel.nio.NioEventLoop.processSelectedKeys(NioEventLoop.java:385)
		at io.netty.channel.nio.NioEventLoop.run(NioEventLoop.java:351)
		at io.netty.util.concurrent.SingleThreadEventExecutor$2.run(SingleThreadEventExecutor.java:116)
		at io.netty.util.internal.chmv8.ForkJoinTask$RunnableExecuteAction.exec(ForkJoinTask.java:1412)
		at io.netty.util.internal.chmv8.ForkJoinTask.doExec(ForkJoinTask.java:280)
		at io.netty.util.internal.chmv8.ForkJoinPool$WorkQueue.runTask(ForkJoinPool.java:877)
		at io.netty.util.internal.chmv8.ForkJoinPool.scan(ForkJoinPool.java:1706)
		at io.netty.util.internal.chmv8.ForkJoinPool.runWorker(ForkJoinPool.java:1661)
		at io.netty.util.internal.chmv8.ForkJoinWorkerThread.run(ForkJoinWorkerThread.java:126)
		at java.lang.Class.forName0(Class.java:-2)
		at java.lang.Class.forName(Class.java:348)
		at cj.studio.openport.client.OpenportChipPlugin.load(OpenportChipPlugin.java:49)
		at cj.studio.ecm.Assembly$EntryPoint.load(Assembly.java:582)
		at cj.studio.ecm.Assembly.start(Assembly.java:400)
		at cj.studio.gateway.socket.app.AppGatewaySocket.scanAssemblyAndLoad(AppGatewaySocket.java:157)
		at cj.studio.gateway.socket.app.AppGatewaySocket.connect(AppGatewaySocket.java:120)
		at cj.studio.gateway.DestinationLoader.load(DestinationLoader.java:40)
		at cj.studio.gateway.GatewaySocketContainer.getAndCreate(GatewaySocketContainer.java:36)
		at cj.studio.gateway.server.handler.HttpChannelHandler.pipelineHttpBuild(HttpChannelHandler.java:496)
		at cj.studio.gateway.server.handler.HttpChannelHandler.flowHttpRequest(HttpChannelHandler.java:468)
		at cj.studio.gateway.server.handler.HttpChannelHandler.handleHttpRequest(HttpChannelHandler.java:209)
		at cj.studio.gateway.server.handler.HttpChannelHandler.messageReceived(HttpChannelHandler.java:105)
		at io.netty.channel.SimpleChannelInboundHandler.channelRead(SimpleChannelInboundHandler.java:105)
		at io.netty.channel.ChannelHandlerInvokerUtil.invokeChannelReadNow(ChannelHandlerInvokerUtil.java:84)
		at io.netty.channel.DefaultChannelHandlerInvoker.invokeChannelRead(DefaultChannelHandlerInvoker.java:153)
		at io.netty.channel.PausableChannelEventExecutor.invokeChannelRead(PausableChannelEventExecutor.java:86)
		at io.netty.channel.AbstractChannelHandlerContext.fireChannelRead(AbstractChannelHandlerContext.java:389)
		at io.netty.channel.ChannelHandlerAdapter.channelRead(ChannelHandlerAdapter.java:143)
		at io.netty.channel.ChannelHandlerInvokerUtil.invokeChannelReadNow(ChannelHandlerInvokerUtil.java:84)
		at io.netty.channel.DefaultChannelHandlerInvoker.invokeChannelRead(DefaultChannelHandlerInvoker.java:153)
		at io.netty.channel.PausableChannelEventExecutor.invokeChannelRead(PausableChannelEventExecutor.java:86)
		at io.netty.channel.AbstractChannelHandlerContext.fireChannelRead(AbstractChannelHandlerContext.java:389)
		at io.netty.handler.codec.MessageToMessageDecoder.channelRead(MessageToMessageDecoder.java:103)
		at io.netty.handler.codec.MessageToMessageCodec.channelRead(MessageToMessageCodec.java:111)
		at io.netty.channel.ChannelHandlerInvokerUtil.invokeChannelReadNow(ChannelHandlerInvokerUtil.java:84)
		at io.netty.channel.DefaultChannelHandlerInvoker.invokeChannelRead(DefaultChannelHandlerInvoker.java:153)
		at io.netty.channel.PausableChannelEventExecutor.invokeChannelRead(PausableChannelEventExecutor.java:86)
		at io.netty.channel.AbstractChannelHandlerContext.fireChannelRead(AbstractChannelHandlerContext.java:389)
		at io.netty.handler.codec.ByteToMessageDecoder.channelRead(ByteToMessageDecoder.java:243)
		at io.netty.channel.ChannelHandlerInvokerUtil.invokeChannelReadNow(ChannelHandlerInvokerUtil.java:84)
		at io.netty.channel.DefaultChannelHandlerInvoker.invokeChannelRead(DefaultChannelHandlerInvoker.java:153)
		at io.netty.channel.PausableChannelEventExecutor.invokeChannelRead(PausableChannelEventExecutor.java:86)
		at io.netty.channel.AbstractChannelHandlerContext.fireChannelRead(AbstractChannelHandlerContext.java:389)
		at io.netty.channel.DefaultChannelPipeline.fireChannelRead(DefaultChannelPipeline.java:956)
		at io.netty.channel.nio.AbstractNioByteChannel$NioByteUnsafe.read(AbstractNioByteChannel.java:127)
		at io.netty.channel.nio.NioEventLoop.processSelectedKey(NioEventLoop.java:514)
		at io.netty.channel.nio.NioEventLoop.processSelectedKeysOptimized(NioEventLoop.java:471)
		at io.netty.channel.nio.NioEventLoop.processSelectedKeys(NioEventLoop.java:385)
		at io.netty.channel.nio.NioEventLoop.run(NioEventLoop.java:351)
		at io.netty.util.concurrent.SingleThreadEventExecutor$2.run(SingleThreadEventExecutor.java:116)
		at io.netty.util.internal.chmv8.ForkJoinTask$RunnableExecuteAction.exec(ForkJoinTask.java:1412)
		at io.netty.util.internal.chmv8.ForkJoinTask.doExec(ForkJoinTask.java:280)
		at io.netty.util.internal.chmv8.ForkJoinPool$WorkQueue.runTask(ForkJoinPool.java:877)
		at io.netty.util.internal.chmv8.ForkJoinPool.scan(ForkJoinPool.java:1706)
		at io.netty.util.internal.chmv8.ForkJoinPool.runWorker(ForkJoinPool.java:1661)
		at io.netty.util.internal.chmv8.ForkJoinWorkerThread.run(ForkJoinWorkerThread.java:126)
2019年10月07日 01:27:34  信息 : -------------网关启动完毕-------------------
2019年10月07日 01:27:34  信息: cj.studio.gateway.tools.GatewayEntrypoint - 网关成功启动
2019年10月07日 01:27:37  信息 : 已装载共享库/Users/caroceanjofers/studio/github/cj.netos.openport/cmdtools/gateway/lib/share
2019年10月07日 01:27:37  信息: cj.studio.openport.client.DefaultOpenportsServicesMonitor - Openports 初始化完成
2019年10月07日 01:27:37  错误: cj.studio.ecm.container.factory.SingleonServiceInstanceFactory - 服务:/uc.ports构建失败，原因：cj.studio.ecm.EcmException: Openports芯片插件中没有发现(cj.studio.openport.client.IRequestAdapter)的相关配置， 在：cj.studio.openport.client.OpenportChipPlugin 请到Assembly.json中检查插件配置。
2019年10月07日 01:27:37  错误: cj.studio.gateway.server.handler.HttpChannelHandler -  异常：cj.studio.ecm.EcmException: cj.studio.ecm.EcmException: Openports芯片插件中没有发现(cj.studio.openport.client.IRequestAdapter)的相关配置， 在：cj.studio.openport.client.OpenportChipPlugin 请到Assembly.json中检查插件配置。
		at cj.studio.ecm.container.factory.SingleonServiceInstanceFactory.instanceSingleonServices(SingleonServiceInstanceFactory.java:78)
		at cj.studio.ecm.container.factory.SingleonServiceInstanceFactory.refresh(SingleonServiceInstanceFactory.java:46)
		at cj.studio.ecm.context.ModuleSite.registerAndRefreshInstanceFactories(ModuleSite.java:331)
		at cj.studio.ecm.context.ModuleSite.refresh(ModuleSite.java:303)
		at cj.studio.ecm.Assembly.start(Assembly.java:402)
		at cj.studio.gateway.socket.app.AppGatewaySocket.scanAssemblyAndLoad(AppGatewaySocket.java:157)
		at cj.studio.gateway.socket.app.AppGatewaySocket.connect(AppGatewaySocket.java:120)
		at cj.studio.gateway.DestinationLoader.load(DestinationLoader.java:40)
		at cj.studio.gateway.GatewaySocketContainer.getAndCreate(GatewaySocketContainer.java:36)
		at cj.studio.gateway.server.handler.HttpChannelHandler.pipelineHttpBuild(HttpChannelHandler.java:496)
		at cj.studio.gateway.server.handler.HttpChannelHandler.flowHttpRequest(HttpChannelHandler.java:468)
		at cj.studio.gateway.server.handler.HttpChannelHandler.handleHttpRequest(HttpChannelHandler.java:209)
		at cj.studio.gateway.server.handler.HttpChannelHandler.messageReceived(HttpChannelHandler.java:105)
		at io.netty.channel.SimpleChannelInboundHandler.channelRead(SimpleChannelInboundHandler.java:105)
		at io.netty.channel.ChannelHandlerInvokerUtil.invokeChannelReadNow(ChannelHandlerInvokerUtil.java:84)
		at io.netty.channel.DefaultChannelHandlerInvoker.invokeChannelRead(DefaultChannelHandlerInvoker.java:153)
		at io.netty.channel.PausableChannelEventExecutor.invokeChannelRead(PausableChannelEventExecutor.java:86)
		at io.netty.channel.AbstractChannelHandlerContext.fireChannelRead(AbstractChannelHandlerContext.java:389)
		at io.netty.channel.ChannelHandlerAdapter.channelRead(ChannelHandlerAdapter.java:143)
		at io.netty.channel.ChannelHandlerInvokerUtil.invokeChannelReadNow(ChannelHandlerInvokerUtil.java:84)
		at io.netty.channel.DefaultChannelHandlerInvoker.invokeChannelRead(DefaultChannelHandlerInvoker.java:153)
		at io.netty.channel.PausableChannelEventExecutor.invokeChannelRead(PausableChannelEventExecutor.java:86)
		at io.netty.channel.AbstractChannelHandlerContext.fireChannelRead(AbstractChannelHandlerContext.java:389)
		at io.netty.handler.codec.MessageToMessageDecoder.channelRead(MessageToMessageDecoder.java:103)
		at io.netty.handler.codec.MessageToMessageCodec.channelRead(MessageToMessageCodec.java:111)
		at io.netty.channel.ChannelHandlerInvokerUtil.invokeChannelReadNow(ChannelHandlerInvokerUtil.java:84)
		at io.netty.channel.DefaultChannelHandlerInvoker.invokeChannelRead(DefaultChannelHandlerInvoker.java:153)
		at io.netty.channel.PausableChannelEventExecutor.invokeChannelRead(PausableChannelEventExecutor.java:86)
		at io.netty.channel.AbstractChannelHandlerContext.fireChannelRead(AbstractChannelHandlerContext.java:389)
		at io.netty.handler.codec.ByteToMessageDecoder.channelRead(ByteToMessageDecoder.java:243)
		at io.netty.channel.ChannelHandlerInvokerUtil.invokeChannelReadNow(ChannelHandlerInvokerUtil.java:84)
		at io.netty.channel.DefaultChannelHandlerInvoker.invokeChannelRead(DefaultChannelHandlerInvoker.java:153)
		at io.netty.channel.PausableChannelEventExecutor.invokeChannelRead(PausableChannelEventExecutor.java:86)
		at io.netty.channel.AbstractChannelHandlerContext.fireChannelRead(AbstractChannelHandlerContext.java:389)
		at io.netty.channel.DefaultChannelPipeline.fireChannelRead(DefaultChannelPipeline.java:956)
		at io.netty.channel.nio.AbstractNioByteChannel$NioByteUnsafe.read(AbstractNioByteChannel.java:127)
		at io.netty.channel.nio.NioEventLoop.processSelectedKey(NioEventLoop.java:514)
		at io.netty.channel.nio.NioEventLoop.processSelectedKeysOptimized(NioEventLoop.java:471)
		at io.netty.channel.nio.NioEventLoop.processSelectedKeys(NioEventLoop.java:385)
		at io.netty.channel.nio.NioEventLoop.run(NioEventLoop.java:351)
		at io.netty.util.concurrent.SingleThreadEventExecutor$2.run(SingleThreadEventExecutor.java:116)
		at io.netty.util.internal.chmv8.ForkJoinTask$RunnableExecuteAction.exec(ForkJoinTask.java:1412)
		at io.netty.util.internal.chmv8.ForkJoinTask.doExec(ForkJoinTask.java:280)
		at io.netty.util.internal.chmv8.ForkJoinPool$WorkQueue.runTask(ForkJoinPool.java:877)
		at io.netty.util.internal.chmv8.ForkJoinPool.scan(ForkJoinPool.java:1706)
		at io.netty.util.internal.chmv8.ForkJoinPool.runWorker(ForkJoinPool.java:1661)
		at io.netty.util.internal.chmv8.ForkJoinWorkerThread.run(ForkJoinWorkerThread.java:126)
	Cause by:
		at cj.studio.openport.client.OpenportChipPlugin.getService(OpenportChipPlugin.java:79)
		at cj.studio.ecm.Assembly$EntryPoint.getService(Assembly.java:556)
		at cj.studio.ecm.Assembly$ProviderLinker.getService(Assembly.java:460)
		at cj.studio.ecm.container.ServiceContainer.getService(ServiceContainer.java:98)
		at cj.studio.ecm.context.ModuleSite.getService(ModuleSite.java:121)
		at cj.studio.ecm.container.factory.ServiceInstanceFactory.initialServiceRef(ServiceInstanceFactory.java:296)
		at cj.studio.ecm.container.factory.ServiceInstanceFactory.initialService(ServiceInstanceFactory.java:205)
		at cj.studio.ecm.container.factory.SingleonServiceInstanceFactory.instanceSingleonServices(SingleonServiceInstanceFactory.java:72)
		at cj.studio.ecm.container.factory.SingleonServiceInstanceFactory.refresh(SingleonServiceInstanceFactory.java:46)
		at cj.studio.ecm.context.ModuleSite.registerAndRefreshInstanceFactories(ModuleSite.java:331)
		at cj.studio.ecm.context.ModuleSite.refresh(ModuleSite.java:303)
		at cj.studio.ecm.Assembly.start(Assembly.java:402)
		at cj.studio.gateway.socket.app.AppGatewaySocket.scanAssemblyAndLoad(AppGatewaySocket.java:157)
		at cj.studio.gateway.socket.app.AppGatewaySocket.connect(AppGatewaySocket.java:120)
		at cj.studio.gateway.DestinationLoader.load(DestinationLoader.java:40)
		at cj.studio.gateway.GatewaySocketContainer.getAndCreate(GatewaySocketContainer.java:36)
		at cj.studio.gateway.server.handler.HttpChannelHandler.pipelineHttpBuild(HttpChannelHandler.java:496)
		at cj.studio.gateway.server.handler.HttpChannelHandler.flowHttpRequest(HttpChannelHandler.java:468)
		at cj.studio.gateway.server.handler.HttpChannelHandler.handleHttpRequest(HttpChannelHandler.java:209)
		at cj.studio.gateway.server.handler.HttpChannelHandler.messageReceived(HttpChannelHandler.java:105)
		at io.netty.channel.SimpleChannelInboundHandler.channelRead(SimpleChannelInboundHandler.java:105)
		at io.netty.channel.ChannelHandlerInvokerUtil.invokeChannelReadNow(ChannelHandlerInvokerUtil.java:84)
		at io.netty.channel.DefaultChannelHandlerInvoker.invokeChannelRead(DefaultChannelHandlerInvoker.java:153)
		at io.netty.channel.PausableChannelEventExecutor.invokeChannelRead(PausableChannelEventExecutor.java:86)
		at io.netty.channel.AbstractChannelHandlerContext.fireChannelRead(AbstractChannelHandlerContext.java:389)
		at io.netty.channel.ChannelHandlerAdapter.channelRead(ChannelHandlerAdapter.java:143)
		at io.netty.channel.ChannelHandlerInvokerUtil.invokeChannelReadNow(ChannelHandlerInvokerUtil.java:84)
		at io.netty.channel.DefaultChannelHandlerInvoker.invokeChannelRead(DefaultChannelHandlerInvoker.java:153)
		at io.netty.channel.PausableChannelEventExecutor.invokeChannelRead(PausableChannelEventExecutor.java:86)
		at io.netty.channel.AbstractChannelHandlerContext.fireChannelRead(AbstractChannelHandlerContext.java:389)
		at io.netty.handler.codec.MessageToMessageDecoder.channelRead(MessageToMessageDecoder.java:103)
		at io.netty.handler.codec.MessageToMessageCodec.channelRead(MessageToMessageCodec.java:111)
		at io.netty.channel.ChannelHandlerInvokerUtil.invokeChannelReadNow(ChannelHandlerInvokerUtil.java:84)
		at io.netty.channel.DefaultChannelHandlerInvoker.invokeChannelRead(DefaultChannelHandlerInvoker.java:153)
		at io.netty.channel.PausableChannelEventExecutor.invokeChannelRead(PausableChannelEventExecutor.java:86)
		at io.netty.channel.AbstractChannelHandlerContext.fireChannelRead(AbstractChannelHandlerContext.java:389)
		at io.netty.handler.codec.ByteToMessageDecoder.channelRead(ByteToMessageDecoder.java:243)
		at io.netty.channel.ChannelHandlerInvokerUtil.invokeChannelReadNow(ChannelHandlerInvokerUtil.java:84)
		at io.netty.channel.DefaultChannelHandlerInvoker.invokeChannelRead(DefaultChannelHandlerInvoker.java:153)
		at io.netty.channel.PausableChannelEventExecutor.invokeChannelRead(PausableChannelEventExecutor.java:86)
		at io.netty.channel.AbstractChannelHandlerContext.fireChannelRead(AbstractChannelHandlerContext.java:389)
		at io.netty.channel.DefaultChannelPipeline.fireChannelRead(DefaultChannelPipeline.java:956)
		at io.netty.channel.nio.AbstractNioByteChannel$NioByteUnsafe.read(AbstractNioByteChannel.java:127)
		at io.netty.channel.nio.NioEventLoop.processSelectedKey(NioEventLoop.java:514)
		at io.netty.channel.nio.NioEventLoop.processSelectedKeysOptimized(NioEventLoop.java:471)
		at io.netty.channel.nio.NioEventLoop.processSelectedKeys(NioEventLoop.java:385)
		at io.netty.channel.nio.NioEventLoop.run(NioEventLoop.java:351)
		at io.netty.util.concurrent.SingleThreadEventExecutor$2.run(SingleThreadEventExecutor.java:116)
		at io.netty.util.internal.chmv8.ForkJoinTask$RunnableExecuteAction.exec(ForkJoinTask.java:1412)
		at io.netty.util.internal.chmv8.ForkJoinTask.doExec(ForkJoinTask.java:280)
		at io.netty.util.internal.chmv8.ForkJoinPool$WorkQueue.runTask(ForkJoinPool.java:877)
		at io.netty.util.internal.chmv8.ForkJoinPool.scan(ForkJoinPool.java:1706)
		at io.netty.util.internal.chmv8.ForkJoinPool.runWorker(ForkJoinPool.java:1661)
		at io.netty.util.internal.chmv8.ForkJoinWorkerThread.run(ForkJoinWorkerThread.java:126)
2019年10月07日 01:29:58  信息 : -------------网关启动完毕-------------------
2019年10月07日 01:29:58  信息: cj.studio.gateway.tools.GatewayEntrypoint - 网关成功启动
2019年10月07日 01:30:01  信息 : 已装载共享库/Users/caroceanjofers/studio/github/cj.netos.openport/cmdtools/gateway/lib/share
2019年10月07日 01:30:01  信息 : openports插件发现配置：
2019年10月07日 01:30:01  信息 : 		openportInterface=cj.studio.openport.client.IRequestAdapter remoteOpenportsUrl=ports://usercenter.com/uc/authentication.service token=
2019年10月07日 01:30:01  信息: cj.studio.openport.client.DefaultOpenportsServicesMonitor - Openports 初始化完成
2019年10月07日 01:30:01  信息 : 系统开放api地址是：/portsapi
2019年10月07日 01:30:01  信息 : 发现安全服务：/uc.ports，类型：cj.netos.openport.program.portimpl.UCPorts
2019年10月07日 01:30:01  信息 : 		服务命令：test
2019年10月07日 01:30:01  信息 : 				参数：list java.util.LinkedList parameter
2019年10月07日 01:30:01  信息 : 				参数：set java.util.List parameter
2019年10月07日 01:30:01  信息 : 				参数：map java.util.TreeMap parameter
2019年10月07日 01:30:01  信息 : 		服务命令：test2
2019年10月07日 01:30:01  信息 : 				参数：arg cj.netos.openport.program.args.TestArg content
2019年10月07日 01:30:01  信息 : 				参数：v java.math.BigDecimal parameter
2019年10月07日 01:30:01  信息 : 		服务命令：authenticate
2019年10月07日 01:30:01  信息 : 				参数：authName java.lang.String parameter
2019年10月07日 01:30:01  信息 : 				参数：tenant java.lang.String parameter
2019年10月07日 01:30:01  信息 : 				参数：principals java.lang.String header
2019年10月07日 01:30:01  信息 : 				参数：password java.lang.String content
2019年10月07日 01:30:01  信息 : 				参数：ttlMillis long parameter
2019年10月07日 01:30:01  信息 : 发现安全服务：/uaac.ports，类型：cj.netos.openport.program.portimpl.UAACPort
2019年10月07日 01:30:01  信息 : 		服务命令：getAcl
2019年10月07日 01:30:01  信息 : 				参数：list java.util.LinkedList parameter
2019年10月07日 01:30:01  信息 : 				参数：set java.util.List parameter
2019年10月07日 01:30:01  信息 : 				参数：map java.util.TreeMap parameter
2019年10月08日 01:25:52  信息 : -------------网关启动完毕-------------------
2019年10月08日 01:25:52  信息: cj.studio.gateway.tools.GatewayEntrypoint - 网关成功启动
2019年10月08日 01:26:03  信息 : 已装载共享库/Users/caroceanjofers/studio/github/cj.netos.openport/cmdtools/gateway/lib/share
2019年10月08日 01:26:03  信息 : openports插件发现配置：
2019年10月08日 01:26:03  信息 : 		openportInterface=cj.studio.openport.client.IRequestAdapter remoteOpenportsUrl=ports://usercenter.com/uc/authentication.service token=
2019年10月08日 01:26:03  信息: cj.studio.openport.client.DefaultOpenportsServicesMonitor - Openports 初始化完成
2019年10月08日 01:26:03  信息 : 系统开放api地址是：/portsapi
2019年10月08日 01:26:03  信息 : 发现安全服务：/uc.ports，类型：cj.netos.openport.program.portimpl.UCPorts
2019年10月08日 01:26:03  信息 : 		服务命令：test
2019年10月08日 01:26:03  信息 : 				参数：list java.util.LinkedList parameter
2019年10月08日 01:26:03  信息 : 				参数：set java.util.List parameter
2019年10月08日 01:26:03  信息 : 				参数：map java.util.TreeMap parameter
2019年10月08日 01:26:03  信息 : 		服务命令：test2
2019年10月08日 01:26:03  信息 : 				参数：arg cj.netos.openport.program.args.TestArg content
2019年10月08日 01:26:03  信息 : 				参数：v java.math.BigDecimal parameter
2019年10月08日 01:26:03  信息 : 		服务命令：authenticate
2019年10月08日 01:26:03  信息 : 				参数：authName java.lang.String parameter
2019年10月08日 01:26:03  信息 : 				参数：tenant java.lang.String parameter
2019年10月08日 01:26:03  信息 : 				参数：principals java.lang.String header
2019年10月08日 01:26:03  信息 : 				参数：password java.lang.String content
2019年10月08日 01:26:03  信息 : 				参数：ttlMillis long parameter
2019年10月08日 01:26:03  信息 : 发现安全服务：/uaac.ports，类型：cj.netos.openport.program.portimpl.UAACPort
2019年10月08日 01:26:03  信息 : 		服务命令：getAcl
2019年10月08日 01:26:03  信息 : 				参数：list java.util.LinkedList parameter
2019年10月08日 01:26:03  信息 : 				参数：set java.util.List parameter
2019年10月08日 01:26:03  信息 : 				参数：map java.util.TreeMap parameter
2019年10月08日 01:27:21  信息 : -------------网关启动完毕-------------------
2019年10月08日 01:27:21  信息: cj.studio.gateway.tools.GatewayEntrypoint - 网关成功启动
2019年10月08日 01:27:28  信息 : 已装载共享库/Users/caroceanjofers/studio/github/cj.netos.openport/cmdtools/gateway/lib/share
2019年10月08日 01:27:28  信息 : openports插件发现配置：
2019年10月08日 01:27:28  信息 : 		openportInterface=cj.studio.openport.client.IRequestAdapter remoteOpenportsUrl=ports://usercenter.com/uc/authentication.service token=
2019年10月08日 01:27:28  信息: cj.studio.openport.client.DefaultOpenportsServicesMonitor - Openports 初始化完成
2019年10月08日 01:27:28  信息 : 系统开放api地址是：/portsapi
2019年10月08日 01:27:28  信息 : 发现安全服务：/uc.ports，类型：cj.netos.openport.program.portimpl.UCPorts
2019年10月08日 01:27:28  信息 : 		服务命令：test
2019年10月08日 01:27:28  信息 : 				参数：list java.util.LinkedList parameter
2019年10月08日 01:27:28  信息 : 				参数：set java.util.List parameter
2019年10月08日 01:27:28  信息 : 				参数：map java.util.TreeMap parameter
2019年10月08日 01:27:28  信息 : 		服务命令：authenticate
2019年10月08日 01:27:28  信息 : 				参数：authName java.lang.String parameter
2019年10月08日 01:27:28  信息 : 				参数：tenant java.lang.String parameter
2019年10月08日 01:27:28  信息 : 				参数：principals java.lang.String header
2019年10月08日 01:27:28  信息 : 				参数：password java.lang.String content
2019年10月08日 01:27:28  信息 : 				参数：ttlMillis long parameter
2019年10月08日 01:27:28  信息 : 		服务命令：test2
2019年10月08日 01:27:28  信息 : 				参数：arg cj.netos.openport.program.args.TestArg content
2019年10月08日 01:27:28  信息 : 				参数：v java.math.BigDecimal parameter
2019年10月08日 01:27:28  信息 : 发现安全服务：/uaac.ports，类型：cj.netos.openport.program.portimpl.UAACPort
2019年10月08日 01:27:28  信息 : 		服务命令：getAcl
2019年10月08日 01:27:28  信息 : 				参数：list java.util.LinkedList parameter
2019年10月08日 01:27:28  信息 : 				参数：set java.util.List parameter
2019年10月08日 01:27:28  信息 : 				参数：map java.util.TreeMap parameter
2019年10月08日 01:28:08  信息 : -------------网关启动完毕-------------------
2019年10月08日 01:28:08  信息: cj.studio.gateway.tools.GatewayEntrypoint - 网关成功启动
2019年10月08日 01:28:11  信息 : 已装载共享库/Users/caroceanjofers/studio/github/cj.netos.openport/cmdtools/gateway/lib/share
2019年10月08日 01:28:11  信息 : openports插件发现配置：
2019年10月08日 01:28:11  信息 : 		openportInterface=cj.studio.openport.client.IRequestAdapter remoteOpenportsUrl=ports://usercenter.com/uc/authentication.service token=
2019年10月08日 01:28:11  信息: cj.studio.openport.client.DefaultOpenportsServicesMonitor - Openports 初始化完成
2019年10月08日 01:28:11  信息 : 系统开放api地址是：/portsapi
2019年10月08日 01:28:11  信息 : 发现安全服务：/uc.ports，类型：cj.netos.openport.program.portimpl.UCPorts
2019年10月08日 01:28:11  信息 : 		服务命令：test
2019年10月08日 01:28:11  信息 : 				参数：list java.util.LinkedList parameter
2019年10月08日 01:28:11  信息 : 				参数：set java.util.List parameter
2019年10月08日 01:28:11  信息 : 				参数：map java.util.TreeMap parameter
2019年10月08日 01:28:11  信息 : 		服务命令：test2
2019年10月08日 01:28:11  信息 : 				参数：arg cj.netos.openport.program.args.TestArg content
2019年10月08日 01:28:11  信息 : 				参数：v java.math.BigDecimal parameter
2019年10月08日 01:28:11  信息 : 		服务命令：authenticate
2019年10月08日 01:28:11  信息 : 				参数：authName java.lang.String parameter
2019年10月08日 01:28:11  信息 : 				参数：tenant java.lang.String parameter
2019年10月08日 01:28:11  信息 : 				参数：principals java.lang.String header
2019年10月08日 01:28:11  信息 : 				参数：password java.lang.String content
2019年10月08日 01:28:11  信息 : 				参数：ttlMillis long parameter
2019年10月08日 01:28:11  信息 : 发现安全服务：/uaac.ports，类型：cj.netos.openport.program.portimpl.UAACPort
2019年10月08日 01:28:11  信息 : 		服务命令：getAcl
2019年10月08日 01:28:11  信息 : 				参数：list java.util.LinkedList parameter
2019年10月08日 01:28:11  信息 : 				参数：set java.util.List parameter
2019年10月08日 01:28:11  信息 : 				参数：map java.util.TreeMap parameter
2019年10月08日 01:44:40  信息 : -------------网关启动完毕-------------------
2019年10月08日 01:44:40  信息: cj.studio.gateway.tools.GatewayEntrypoint - 网关成功启动
2019年10月08日 01:44:49  信息 : 已装载共享库/Users/caroceanjofers/studio/github/cj.netos.openport/cmdtools/gateway/lib/share
2019年10月08日 01:44:49  信息 : openports插件发现配置：
2019年10月08日 01:44:49  信息 : 		openportInterface=cj.studio.openport.client.IRequestAdapter remoteOpenportsUrl=ports://usercenter.com/uc/authentication.service token=
2019年10月08日 01:44:49  信息: cj.studio.openport.client.DefaultOpenportsServicesMonitor - Openports 初始化完成
2019年10月08日 01:44:49  信息 : 系统开放api地址是：/portsapi
2019年10月08日 01:44:49  信息 : 发现安全服务：/uc.ports，类型：cj.netos.openport.program.portimpl.UCPorts
2019年10月08日 01:44:49  信息 : 		服务命令：test
2019年10月08日 01:44:49  信息 : 				参数：list java.util.LinkedList parameter
2019年10月08日 01:44:49  信息 : 				参数：set java.util.List parameter
2019年10月08日 01:44:49  信息 : 				参数：map java.util.TreeMap parameter
2019年10月08日 01:44:49  信息 : 		服务命令：test2
2019年10月08日 01:44:49  信息 : 				参数：arg cj.netos.openport.program.args.TestArg content
2019年10月08日 01:44:49  信息 : 				参数：v java.math.BigDecimal parameter
2019年10月08日 01:44:49  信息 : 		服务命令：authenticate
2019年10月08日 01:44:49  信息 : 				参数：authName java.lang.String parameter
2019年10月08日 01:44:49  信息 : 				参数：tenant java.lang.String parameter
2019年10月08日 01:44:49  信息 : 				参数：principals java.lang.String header
2019年10月08日 01:44:49  信息 : 				参数：password java.lang.String content
2019年10月08日 01:44:49  信息 : 				参数：ttlMillis long parameter
2019年10月08日 01:44:49  信息 : 发现安全服务：/uaac.ports，类型：cj.netos.openport.program.portimpl.UAACPort
2019年10月08日 01:44:49  信息 : 		服务命令：getAcl
2019年10月08日 01:44:49  信息 : 				参数：list java.util.LinkedList parameter
2019年10月08日 01:44:49  信息 : 				参数：set java.util.List parameter
2019年10月08日 01:44:49  信息 : 				参数：map java.util.TreeMap parameter
